
1.35.05版更新说明：
1月24号：
①增加插件商店功能。
第一个全面设配的插件是annie。
关于该插件的说明：
annie是一款优秀的开源应用，你可以用它来解析主流（B站，优酷，爱奇艺等）网站的视频，并自动调用aria2下载。
下载的任务列表可以在ariaNG网页进行管理。
使用指南01：在打开的annie窗口内，输a url或aria2 url或annie并按回车，直接下载（普通会员所能看到的）视频的最高画质版。（大会员视频需加载cookies，见指南2）
示例1： 输入a https://www.bilibili.com/video/av10086206?p=1 再按回车即可下载。
示例2： 输aria2 https://www.bilibili.com/video/av10086206?p=1
若url包含特殊字符，则需用半角(英文)引号包围。示例3：输入a "https://www.bilibili.com/video/av10086206?p=1"
指南2：下载会员视频或1080P+高画质视频需要加载cookies文件。
使用浏览器插件(例如："edit this cookie"）将视频网站的cookies导出为netscape http格式,并命名为cookies.txt,最后将其覆盖于当前目录下的.\data\config\cookies.txt
一个cookies.txt文件可以包含多个视频网站的会员cookie信息,千万请不要把该文件共享出去。
指南3：输入ai url或a -i url获取所要下载视频的详细信息。
之后你可以通过-f参数来指定画质。例如annie -f 80 url 或者是a -f 80 url 
指南4：输入ap url或a -p url下载整个播放列表。
隐藏传送门：在Aria2 Moe Manager主菜单下输a并按回车，能直接打开annie窗口。

关于本体的其它说明：
①移除了软件本体检测更新的功能。
②自动生成的rpc地址能自动读取配置文件中的端口号，不再是默认6800端口。
还支持检测rpc-secure是否已经开启，当为开启状态时，将显示为https地址。

1.35.05更新注意事项：
路径发生变更，从旧版（1.35.04）升级到（1.35.05）不建议使用覆盖式安装。



1月23号：
加入临时兼容模式，该模式为命令行下载专用版。
该模式以兼容性模块存在，并且与已安装的版本互不冲突。
使用“命令行”下载度盘或其它HTTP资源需要打开"兼容模式"，该模式下无法突破官方原版的线程数限制。
所以我更推荐用插件推送或直接在ariaNG网页里下载。
该模式的用法：
输a url 或aria2 url 或aria2c url 并按回车
示例： a https://baidu.com



1月22号早上：


换了个思路来更新tracker服务器，
不再以定时计划任务来更新。
原因有2点：
①修改配置文件后，需要重启进程才能生效，可能会导致下载任务中断。
之前已经研究出解决方法了，但是需要管理员权限。
感兴趣的话，可以去找一下旧版（1.34）。
②每个人的电脑的作息时间不同，你的电脑可能好几个月不关机，也有可能一天只开一个小时。
使用命令行设定[当所有用户登录/当系统启动]等特定条件需要管理员权限。
所以说，要考虑到所有人的情况就只能换一种思路了。

新版化被动为主动，详细说明如下：
当你点击桌面快捷方式时，会自动检测aria2是否已经运行。
若已运行，则会直接调用本地ariaNG网页文件。
若未运行，则会先检测模块（见注1）是否已经启用，再尝试自动更新tracker服务器。
由于连接至GitHub服务器需要好几秒，为避免拖慢aria2的启动速度，若连接超时，则本次更新的配置可能要到下一次启动才能生效。

注1：
所有的更新服务都依赖于更新模块。
因为并非所有人都需要更新功能，故该模块默认是禁用状态。
只要你手动在Aria2 Moe Manager调用过一次更新服务后，该模块就会解压并启用。
注2：
模块说明：
更新模块依赖于minw(Minimalist GNU for Windows)，禁用状态下占用磁盘空间8M，启用后会高达30多M。
之后可能会有新模块加入，报一点小小的期待就可以了。

其它说明:
①至于软件本体更新，目前仍处于beta阶段，我也不知道有木有bug。
②旧版edge浏览器（非新版chromium内核）调用ariaNG本地网页可能存在连不上rpc-server的问题，但是使用internet连接（aria2.me等网站）却没有问题。最好的解决方法是升级浏览器版本，并更换默认的浏览器。

为什么要模块化呢？
因为你既可以把它拆下来，又可以把它装回去。
感觉很好玩的样子。
我是打算加入通过联网下载的方式来获取模块的功能，但是没打算做商店啊！
==============================================
未来的未来可能实现的功能。

可以搞插件。
aria2自动下载完成后执行的脚本+第三方软件，不就等于aria2的插件吗？
你可能对这事没什么概念。
那我就举个例子吧！
假设你是一个很喜欢分享资源的人，但是呢，你每次都要先下载，再手动添加专属标记（含你的id的文件），然后加密压缩，最后上传。
emmm,回想一下我之前说的话，难道你没有意识到有某样东西可以帮你简化它吗？

想法很美好，但是由于我不是很懂windows，所以这个计划就无限期咕咕咕了！
===============================================


关于安全问题的碎碎念：
其实你可以修改aria2配置文件里的某些选项来禁止外网访问，也可以通过设定defender防火墙规则来达到防护的目的。
但是呢，我还是毅然决然地选择了加密码。
网络安全可不是开玩笑的，要是某某系统停止支持后，被爆出重大安全漏洞怎么办？防火墙被突破了怎么办？
虽说openssl随机生成的密码是挺安全的啦，不过我还嫌20多位不够长呢！仔细想想，设定100位又太夸张了。
反正都记不住，干脆越长越好的说。
emmm 其实也不能这么说啦，这样势必会造成我们过分依赖Google等保存密码的平台。
所以说，如果你不喜欢设定密码，那么也可以关掉哦！
1月21日注：

更新预告：
1.完善并优化配置文件！由原来的100多行，增加到了688行（含空行），共20309个字符。
配置文件（aria2.conf）里面包含你在使用aria2过程中可能需要调用的参数，一般无需更改。
不过还是求求泥萌看一下吧！

2.文件夹实现萌化。
3.
全力修复Defender报毒的问题！！！

4.不再调用第三方闭源软件进行bt-tracker服务器的更新，原因是旧版（去年9月更新版）的bug在新版（去年12月更新版）复现了。
去年12月份很多地方都重写了，同时不再依赖管理员权限，导致有几个地方出现了小bug。
5.可能加入更新模块
6.优化安装策略，一键安装默认不再使用自动更新bt-tracker服务器功能，（需手动开启此功能）。
原因是raw.githubusercontent间歇性被墙，经常导致更新失败。